build/app/intermediates/manifest_merge_blame_file/release/manifest-merger-blame-release-report.txt
1<?xml version="1.0" encoding="utf-8"?>
2<manifest xmlns:android="http://schemas.android.com/apk/res/android"
3    package="com.conveys"
4    android:versionCode="1"
5    android:versionName="1.0.0" >
6
7    <uses-sdk
8        android:minSdkVersion="23"
8-->src\main\AndroidManifest.xml
9        android:targetSdkVersion="31" />
9-->src\main\AndroidManifest.xml
10
11    <uses-permission android:name="android.permission.INTERNET" />
11-->src\main\AndroidManifest.xml:3:5-67
11-->src\main\AndroidManifest.xml:3:22-64
12    <uses-permission android:name="android.permission.ACCESS_NETWORK_STATE" />
12-->[:firebase_analytics] AndroidManifest.xml:7:5-79
12-->[:firebase_analytics] AndroidManifest.xml:7:22-76
13    <uses-permission android:name="android.permission.WAKE_LOCK" />
13-->[:firebase_analytics] AndroidManifest.xml:9:5-68
13-->[:firebase_analytics] AndroidManifest.xml:9:22-65
14    <uses-permission android:name="android.permission.RECEIVE_BOOT_COMPLETED" />
14-->[:flutter_local_notifications] AndroidManifest.xml:7:5-81
14-->[:flutter_local_notifications] AndroidManifest.xml:7:22-78
15    <uses-permission android:name="android.permission.VIBRATE" />
15-->[:flutter_local_notifications] AndroidManifest.xml:8:5-66
15-->[:flutter_local_notifications] AndroidManifest.xml:8:22-63
16    <uses-permission android:name="android.permission.USE_FULL_SCREEN_INTENT" />
16-->[:flutter_local_notifications] AndroidManifest.xml:9:5-81
16-->[:flutter_local_notifications] AndroidManifest.xml:9:22-78
17    <uses-permission android:name="android.permission.SCHEDULE_EXACT_ALARM" /> <!-- Required by older versions of Google Play services to create IID tokens -->
17-->[:flutter_local_notifications] AndroidManifest.xml:10:5-79
17-->[:flutter_local_notifications] AndroidManifest.xml:10:22-76
18    <uses-permission android:name="com.google.android.c2dm.permission.RECEIVE" />
18-->[com.google.firebase:firebase-messaging:23.0.2] AndroidManifest.xml:28:5-82
18-->[com.google.firebase:firebase-messaging:23.0.2] AndroidManifest.xml:28:22-79
19    <uses-permission android:name="com.google.android.gms.permission.AD_ID" />
19-->[com.google.android.gms:play-services-measurement-api:20.1.1] AndroidManifest.xml:25:5-79
19-->[com.google.android.gms:play-services-measurement-api:20.1.1] AndroidManifest.xml:25:22-76
20    <uses-permission android:name="com.google.android.finsky.permission.BIND_GET_INSTALL_REFERRER_SERVICE" />
20-->[com.google.android.gms:play-services-measurement:20.1.1] AndroidManifest.xml:26:5-110
20-->[com.google.android.gms:play-services-measurement:20.1.1] AndroidManifest.xml:26:22-107
21
22    <application
23        android:name="android.app.Application"
23-->src\main\AndroidManifest.xml:6:9-42
24        android:appComponentFactory="androidx.core.app.CoreComponentFactory"
24-->[androidx.core:core:1.7.0] AndroidManifest.xml:24:18-86
25        android:extractNativeLibs="false"
26        android:icon="@mipmap/ic_launcher"
26-->src\main\AndroidManifest.xml:7:9-43
27        android:label="Conveys"
27-->src\main\AndroidManifest.xml:5:9-32
28        android:roundIcon="@mipmap/ic_launcher" >
28-->src\main\AndroidManifest.xml:8:8-47
29        <activity
29-->src\main\AndroidManifest.xml:9:9-29:20
30            android:name="com.getinforme.getinforme.MainActivity"
30-->src\main\AndroidManifest.xml:10:13-41
31            android:configChanges="orientation|keyboardHidden|keyboard|screenSize|smallestScreenSize|locale|layoutDirection|fontScale|screenLayout|density|uiMode"
31-->src\main\AndroidManifest.xml:14:13-163
32            android:exported="true"
32-->src\main\AndroidManifest.xml:11:13-36
33            android:hardwareAccelerated="true"
33-->src\main\AndroidManifest.xml:15:13-47
34            android:launchMode="singleTop"
34-->src\main\AndroidManifest.xml:12:13-43
35            android:theme="@style/LaunchTheme"
35-->src\main\AndroidManifest.xml:13:13-47
36            android:windowSoftInputMode="adjustResize" >
36-->src\main\AndroidManifest.xml:16:13-55
37
38            <!--
39                 Specifies an Android theme to apply to this Activity as soon as
40                 the Android process has started. This theme is visible to the user
41                 while the Flutter UI initializes. After that, this theme continues
42                 to determine the Window background behind the Flutter UI.
43            -->
44            <meta-data
44-->src\main\AndroidManifest.xml:21:13-24:17
45                android:name="io.flutter.embedding.android.NormalTheme"
45-->src\main\AndroidManifest.xml:22:15-70
46                android:resource="@style/NormalTheme" />
46-->src\main\AndroidManifest.xml:23:15-52
47
48            <intent-filter>
48-->src\main\AndroidManifest.xml:25:13-28:29
49                <action android:name="android.intent.action.MAIN" />
49-->src\main\AndroidManifest.xml:26:17-68
49-->src\main\AndroidManifest.xml:26:25-66
50
51                <category android:name="android.intent.category.LAUNCHER" />
51-->src\main\AndroidManifest.xml:27:17-76
51-->src\main\AndroidManifest.xml:27:27-74
52            </intent-filter>
53        </activity>
54        <!--
55             Don't delete the meta-data below.
56             This is used by the Flutter tool to generate GeneratedPluginRegistrant.java
57        -->
58        <meta-data
58-->src\main\AndroidManifest.xml:32:9-34:33
59            android:name="flutterEmbedding"
59-->src\main\AndroidManifest.xml:33:13-44
60            android:value="2" />
60-->src\main\AndroidManifest.xml:34:13-30
61
62        <service
62-->[:firebase_analytics] AndroidManifest.xml:12:9-16:19
63            android:name="com.google.firebase.components.ComponentDiscoveryService"
63-->[:firebase_analytics] AndroidManifest.xml:12:18-89
64            android:directBootAware="true"
64-->[com.google.firebase:firebase-common:20.1.0] AndroidManifest.xml:35:13-43
65            android:exported="false" >
65-->[com.google.firebase:firebase-analytics-ktx:20.1.1] AndroidManifest.xml:10:13-37
66            <meta-data
66-->[:firebase_analytics] AndroidManifest.xml:13:13-15:85
67                android:name="com.google.firebase.components:io.flutter.plugins.firebaseanalytics.FlutterFirebaseAppRegistrar"
67-->[:firebase_analytics] AndroidManifest.xml:14:17-127
68                android:value="com.google.firebase.components.ComponentRegistrar" />
68-->[:firebase_analytics] AndroidManifest.xml:15:17-82
69            <meta-data
69-->[:firebase_auth] AndroidManifest.xml:9:13-11:85
70                android:name="com.google.firebase.components:io.flutter.plugins.firebase.auth.FlutterFirebaseAuthRegistrar"
70-->[:firebase_auth] AndroidManifest.xml:10:17-124
71                android:value="com.google.firebase.components.ComponentRegistrar" />
71-->[:firebase_auth] AndroidManifest.xml:11:17-82
72            <meta-data
72-->[:firebase_messaging] AndroidManifest.xml:34:13-36:85
73                android:name="com.google.firebase.components:io.flutter.plugins.firebase.messaging.FlutterFirebaseAppRegistrar"
73-->[:firebase_messaging] AndroidManifest.xml:35:17-128
74                android:value="com.google.firebase.components.ComponentRegistrar" />
74-->[:firebase_messaging] AndroidManifest.xml:36:17-82
75            <meta-data
75-->[:firebase_core] AndroidManifest.xml:9:13-11:85
76                android:name="com.google.firebase.components:io.flutter.plugins.firebase.core.FlutterFirebaseCoreRegistrar"
76-->[:firebase_core] AndroidManifest.xml:10:17-124
77                android:value="com.google.firebase.components.ComponentRegistrar" />
77-->[:firebase_core] AndroidManifest.xml:11:17-82
78            <meta-data
78-->[com.google.firebase:firebase-analytics-ktx:20.1.1] AndroidManifest.xml:11:13-13:85
79                android:name="com.google.firebase.components:com.google.firebase.analytics.ktx.FirebaseAnalyticsKtxRegistrar"
79-->[com.google.firebase:firebase-analytics-ktx:20.1.1] AndroidManifest.xml:12:17-126
80                android:value="com.google.firebase.components.ComponentRegistrar" />
80-->[com.google.firebase:firebase-analytics-ktx:20.1.1] AndroidManifest.xml:13:17-82
81            <meta-data
81-->[com.google.firebase:firebase-common-ktx:20.1.0] AndroidManifest.xml:15:13-17:85
82                android:name="com.google.firebase.components:com.google.firebase.ktx.FirebaseCommonKtxRegistrar"
82-->[com.google.firebase:firebase-common-ktx:20.1.0] AndroidManifest.xml:16:17-113
83                android:value="com.google.firebase.components.ComponentRegistrar" />
83-->[com.google.firebase:firebase-common-ktx:20.1.0] AndroidManifest.xml:17:17-82
84            <meta-data
84-->[com.google.firebase:firebase-auth:21.0.2] AndroidManifest.xml:67:13-69:85
85                android:name="com.google.firebase.components:com.google.firebase.auth.FirebaseAuthRegistrar"
85-->[com.google.firebase:firebase-auth:21.0.2] AndroidManifest.xml:68:17-109
86                android:value="com.google.firebase.components.ComponentRegistrar" />
86-->[com.google.firebase:firebase-auth:21.0.2] AndroidManifest.xml:69:17-82
87            <meta-data
87-->[com.google.firebase:firebase-messaging:23.0.2] AndroidManifest.xml:55:13-57:85
88                android:name="com.google.firebase.components:com.google.firebase.messaging.FirebaseMessagingRegistrar"
88-->[com.google.firebase:firebase-messaging:23.0.2] AndroidManifest.xml:56:17-119
89                android:value="com.google.firebase.components.ComponentRegistrar" />
89-->[com.google.firebase:firebase-messaging:23.0.2] AndroidManifest.xml:57:17-82
90            <meta-data
90-->[com.google.firebase:firebase-datatransport:18.1.1] AndroidManifest.xml:28:13-30:85
91                android:name="com.google.firebase.components:com.google.firebase.datatransport.TransportRegistrar"
91-->[com.google.firebase:firebase-datatransport:18.1.1] AndroidManifest.xml:29:17-115
92                android:value="com.google.firebase.components.ComponentRegistrar" />
92-->[com.google.firebase:firebase-datatransport:18.1.1] AndroidManifest.xml:30:17-82
93            <meta-data
93-->[com.google.android.gms:play-services-measurement-api:20.1.1] AndroidManifest.xml:31:13-33:85
94                android:name="com.google.firebase.components:com.google.firebase.analytics.connector.internal.AnalyticsConnectorRegistrar"
94-->[com.google.android.gms:play-services-measurement-api:20.1.1] AndroidManifest.xml:32:17-139
95                android:value="com.google.firebase.components.ComponentRegistrar" />
95-->[com.google.android.gms:play-services-measurement-api:20.1.1] AndroidManifest.xml:33:17-82
96            <meta-data
96-->[com.google.firebase:firebase-installations:17.0.1] AndroidManifest.xml:18:13-20:85
97                android:name="com.google.firebase.components:com.google.firebase.installations.FirebaseInstallationsRegistrar"
97-->[com.google.firebase:firebase-installations:17.0.1] AndroidManifest.xml:19:17-127
98                android:value="com.google.firebase.components.ComponentRegistrar" />
98-->[com.google.firebase:firebase-installations:17.0.1] AndroidManifest.xml:20:17-82
99        </service>
100        <service
100-->[:firebase_messaging] AndroidManifest.xml:12:9-15:72
101            android:name="io.flutter.plugins.firebase.messaging.FlutterFirebaseMessagingBackgroundService"
101-->[:firebase_messaging] AndroidManifest.xml:13:13-107
102            android:exported="false"
102-->[:firebase_messaging] AndroidManifest.xml:14:13-37
103            android:permission="android.permission.BIND_JOB_SERVICE" />
103-->[:firebase_messaging] AndroidManifest.xml:15:13-69
104        <service
104-->[:firebase_messaging] AndroidManifest.xml:16:9-22:19
105            android:name="io.flutter.plugins.firebase.messaging.FlutterFirebaseMessagingService"
105-->[:firebase_messaging] AndroidManifest.xml:17:13-97
106            android:exported="false" >
106-->[:firebase_messaging] AndroidManifest.xml:18:13-37
107            <intent-filter>
107-->[:firebase_messaging] AndroidManifest.xml:19:13-21:29
108                <action android:name="com.google.firebase.MESSAGING_EVENT" />
108-->[:firebase_messaging] AndroidManifest.xml:20:17-78
108-->[:firebase_messaging] AndroidManifest.xml:20:25-75
109            </intent-filter>
110        </service>
111
112        <receiver
112-->[:firebase_messaging] AndroidManifest.xml:24:9-31:20
113            android:name="io.flutter.plugins.firebase.messaging.FlutterFirebaseMessagingReceiver"
113-->[:firebase_messaging] AndroidManifest.xml:25:13-98
114            android:exported="true"
114-->[:firebase_messaging] AndroidManifest.xml:26:13-36
115            android:permission="com.google.android.c2dm.permission.SEND" >
115-->[:firebase_messaging] AndroidManifest.xml:27:13-73
116            <intent-filter>
116-->[:firebase_messaging] AndroidManifest.xml:28:13-30:29
117                <action android:name="com.google.android.c2dm.intent.RECEIVE" />
117-->[:firebase_messaging] AndroidManifest.xml:29:17-81
117-->[:firebase_messaging] AndroidManifest.xml:29:25-78
118            </intent-filter>
119        </receiver>
120
121        <provider
121-->[:firebase_messaging] AndroidManifest.xml:39:9-43:38
122            android:name="io.flutter.plugins.firebase.messaging.FlutterFirebaseMessagingInitProvider"
122-->[:firebase_messaging] AndroidManifest.xml:40:13-102
123            android:authorities="com.conveys.flutterfirebasemessaginginitprovider"
123-->[:firebase_messaging] AndroidManifest.xml:41:13-88
124            android:exported="false"
124-->[:firebase_messaging] AndroidManifest.xml:42:13-37
125            android:initOrder="99" />
125-->[:firebase_messaging] AndroidManifest.xml:43:13-35
126        <provider
126-->[:image_picker_android] AndroidManifest.xml:8:9-16:20
127            android:name="io.flutter.plugins.imagepicker.ImagePickerFileProvider"
127-->[:image_picker_android] AndroidManifest.xml:9:13-82
128            android:authorities="com.conveys.flutter.image_provider"
128-->[:image_picker_android] AndroidManifest.xml:10:13-74
129            android:exported="false"
129-->[:image_picker_android] AndroidManifest.xml:11:13-37
130            android:grantUriPermissions="true" >
130-->[:image_picker_android] AndroidManifest.xml:12:13-47
131            <meta-data
131-->[:image_picker_android] AndroidManifest.xml:13:13-15:75
132                android:name="android.support.FILE_PROVIDER_PATHS"
132-->[:image_picker_android] AndroidManifest.xml:14:17-67
133                android:resource="@xml/flutter_image_picker_file_paths" />
133-->[:image_picker_android] AndroidManifest.xml:15:17-72
134        </provider>
135
136        <receiver
136-->[:flutter_local_notifications] AndroidManifest.xml:13:9-15:40
137            android:name="com.dexterous.flutterlocalnotifications.ScheduledNotificationReceiver"
137-->[:flutter_local_notifications] AndroidManifest.xml:14:13-97
138            android:exported="false" />
138-->[:flutter_local_notifications] AndroidManifest.xml:15:13-37
139        <receiver
139-->[:flutter_local_notifications] AndroidManifest.xml:16:9-25:20
140            android:name="com.dexterous.flutterlocalnotifications.ScheduledNotificationBootReceiver"
140-->[:flutter_local_notifications] AndroidManifest.xml:17:13-101
141            android:exported="false" >
141-->[:flutter_local_notifications] AndroidManifest.xml:18:13-37
142            <intent-filter>
142-->[:flutter_local_notifications] AndroidManifest.xml:19:13-24:29
143                <action android:name="android.intent.action.BOOT_COMPLETED" />
143-->[:flutter_local_notifications] AndroidManifest.xml:20:17-79
143-->[:flutter_local_notifications] AndroidManifest.xml:20:25-76
144                <action android:name="android.intent.action.MY_PACKAGE_REPLACED" />
144-->[:flutter_local_notifications] AndroidManifest.xml:21:17-84
144-->[:flutter_local_notifications] AndroidManifest.xml:21:25-81
145                <action android:name="android.intent.action.QUICKBOOT_POWERON" />
145-->[:flutter_local_notifications] AndroidManifest.xml:22:17-82
145-->[:flutter_local_notifications] AndroidManifest.xml:22:25-79
146                <action android:name="com.htc.intent.action.QUICKBOOT_POWERON" />
146-->[:flutter_local_notifications] AndroidManifest.xml:23:17-82
146-->[:flutter_local_notifications] AndroidManifest.xml:23:25-79
147            </intent-filter>
148        </receiver>
149
150        <uses-library
150-->[androidx.window:window:1.0.0-beta04] AndroidManifest.xml:25:9-27:40
151            android:name="androidx.window.extensions"
151-->[androidx.window:window:1.0.0-beta04] AndroidManifest.xml:26:13-54
152            android:required="false" />
152-->[androidx.window:window:1.0.0-beta04] AndroidManifest.xml:27:13-37
153        <uses-library
153-->[androidx.window:window:1.0.0-beta04] AndroidManifest.xml:28:9-30:40
154            android:name="androidx.window.sidecar"
154-->[androidx.window:window:1.0.0-beta04] AndroidManifest.xml:29:13-51
155            android:required="false" />
155-->[androidx.window:window:1.0.0-beta04] AndroidManifest.xml:30:13-37
156
157        <activity
157-->[com.google.firebase:firebase-auth:21.0.2] AndroidManifest.xml:27:9-44:20
158            android:name="com.google.firebase.auth.internal.GenericIdpActivity"
158-->[com.google.firebase:firebase-auth:21.0.2] AndroidManifest.xml:28:13-80
159            android:excludeFromRecents="true"
159-->[com.google.firebase:firebase-auth:21.0.2] AndroidManifest.xml:29:13-46
160            android:exported="true"
160-->[com.google.firebase:firebase-auth:21.0.2] AndroidManifest.xml:30:13-36
161            android:launchMode="singleTask"
161-->[com.google.firebase:firebase-auth:21.0.2] AndroidManifest.xml:31:13-44
162            android:theme="@android:style/Theme.Translucent.NoTitleBar" >
162-->[com.google.firebase:firebase-auth:21.0.2] AndroidManifest.xml:32:13-72
163            <intent-filter>
163-->[com.google.firebase:firebase-auth:21.0.2] AndroidManifest.xml:33:13-43:29
164                <action android:name="android.intent.action.VIEW" />
164-->[com.google.firebase:firebase-auth:21.0.2] AndroidManifest.xml:34:17-69
164-->[com.google.firebase:firebase-auth:21.0.2] AndroidManifest.xml:34:25-66
165
166                <category android:name="android.intent.category.DEFAULT" />
166-->[com.google.firebase:firebase-auth:21.0.2] AndroidManifest.xml:36:17-76
166-->[com.google.firebase:firebase-auth:21.0.2] AndroidManifest.xml:36:27-73
167                <category android:name="android.intent.category.BROWSABLE" />
167-->[com.google.firebase:firebase-auth:21.0.2] AndroidManifest.xml:37:17-78
167-->[com.google.firebase:firebase-auth:21.0.2] AndroidManifest.xml:37:27-75
168
169                <data
169-->[com.google.firebase:firebase-auth:21.0.2] AndroidManifest.xml:39:17-42:51
170                    android:host="firebase.auth"
170-->[com.google.firebase:firebase-auth:21.0.2] AndroidManifest.xml:40:21-49
171                    android:path="/"
171-->[com.google.firebase:firebase-auth:21.0.2] AndroidManifest.xml:41:21-37
172                    android:scheme="genericidp" />
172-->[com.google.firebase:firebase-auth:21.0.2] AndroidManifest.xml:42:21-48
173            </intent-filter>
174        </activity>
175        <activity
175-->[com.google.firebase:firebase-auth:21.0.2] AndroidManifest.xml:45:9-62:20
176            android:name="com.google.firebase.auth.internal.RecaptchaActivity"
176-->[com.google.firebase:firebase-auth:21.0.2] AndroidManifest.xml:46:13-79
177            android:excludeFromRecents="true"
177-->[com.google.firebase:firebase-auth:21.0.2] AndroidManifest.xml:47:13-46
178            android:exported="true"
178-->[com.google.firebase:firebase-auth:21.0.2] AndroidManifest.xml:48:13-36
179            android:launchMode="singleTask"
179-->[com.google.firebase:firebase-auth:21.0.2] AndroidManifest.xml:49:13-44
180            android:theme="@android:style/Theme.Translucent.NoTitleBar" >
180-->[com.google.firebase:firebase-auth:21.0.2] AndroidManifest.xml:50:13-72
181            <intent-filter>
181-->[com.google.firebase:firebase-auth:21.0.2] AndroidManifest.xml:51:13-61:29
182                <action android:name="android.intent.action.VIEW" />
182-->[com.google.firebase:firebase-auth:21.0.2] AndroidManifest.xml:34:17-69
182-->[com.google.firebase:firebase-auth:21.0.2] AndroidManifest.xml:34:25-66
183
184                <category android:name="android.intent.category.DEFAULT" />
184-->[com.google.firebase:firebase-auth:21.0.2] AndroidManifest.xml:36:17-76
184-->[com.google.firebase:firebase-auth:21.0.2] AndroidManifest.xml:36:27-73
185                <category android:name="android.intent.category.BROWSABLE" />
185-->[com.google.firebase:firebase-auth:21.0.2] AndroidManifest.xml:37:17-78
185-->[com.google.firebase:firebase-auth:21.0.2] AndroidManifest.xml:37:27-75
186
187                <data
187-->[com.google.firebase:firebase-auth:21.0.2] AndroidManifest.xml:39:17-42:51
188                    android:host="firebase.auth"
188-->[com.google.firebase:firebase-auth:21.0.2] AndroidManifest.xml:40:21-49
189                    android:path="/"
189-->[com.google.firebase:firebase-auth:21.0.2] AndroidManifest.xml:41:21-37
190                    android:scheme="recaptcha" />
190-->[com.google.firebase:firebase-auth:21.0.2] AndroidManifest.xml:42:21-48
191            </intent-filter>
192        </activity>
193
194        <receiver
194-->[com.google.firebase:firebase-messaging:23.0.2] AndroidManifest.xml:31:9-38:20
195            android:name="com.google.firebase.iid.FirebaseInstanceIdReceiver"
195-->[com.google.firebase:firebase-messaging:23.0.2] AndroidManifest.xml:32:13-78
196            android:exported="true"
196-->[com.google.firebase:firebase-messaging:23.0.2] AndroidManifest.xml:33:13-36
197            android:permission="com.google.android.c2dm.permission.SEND" >
197-->[com.google.firebase:firebase-messaging:23.0.2] AndroidManifest.xml:34:13-73
198            <intent-filter>
198-->[:firebase_messaging] AndroidManifest.xml:28:13-30:29
199                <action android:name="com.google.android.c2dm.intent.RECEIVE" />
199-->[:firebase_messaging] AndroidManifest.xml:29:17-81
199-->[:firebase_messaging] AndroidManifest.xml:29:25-78
200            </intent-filter>
201        </receiver>
202        <!--
203             FirebaseMessagingService performs security checks at runtime,
204             but set to not exported to explicitly avoid allowing another app to call it.
205        -->
206        <service
206-->[com.google.firebase:firebase-messaging:23.0.2] AndroidManifest.xml:44:9-51:19
207            android:name="com.google.firebase.messaging.FirebaseMessagingService"
207-->[com.google.firebase:firebase-messaging:23.0.2] AndroidManifest.xml:45:13-82
208            android:directBootAware="true"
208-->[com.google.firebase:firebase-messaging:23.0.2] AndroidManifest.xml:46:13-43
209            android:exported="false" >
209-->[com.google.firebase:firebase-messaging:23.0.2] AndroidManifest.xml:47:13-37
210            <intent-filter android:priority="-500" >
210-->[:firebase_messaging] AndroidManifest.xml:19:13-21:29
211                <action android:name="com.google.firebase.MESSAGING_EVENT" />
211-->[:firebase_messaging] AndroidManifest.xml:20:17-78
211-->[:firebase_messaging] AndroidManifest.xml:20:25-75
212            </intent-filter>
213        </service>
214        <service
214-->[com.google.android.datatransport:transport-backend-cct:3.1.2] AndroidManifest.xml:29:9-35:19
215            android:name="com.google.android.datatransport.runtime.backends.TransportBackendDiscovery"
215-->[com.google.android.datatransport:transport-backend-cct:3.1.2] AndroidManifest.xml:30:13-103
216            android:exported="false" >
216-->[com.google.android.datatransport:transport-backend-cct:3.1.2] AndroidManifest.xml:31:13-37
217            <meta-data
217-->[com.google.android.datatransport:transport-backend-cct:3.1.2] AndroidManifest.xml:32:13-34:39
218                android:name="backend:com.google.android.datatransport.cct.CctBackendFactory"
218-->[com.google.android.datatransport:transport-backend-cct:3.1.2] AndroidManifest.xml:33:17-94
219                android:value="cct" />
219-->[com.google.android.datatransport:transport-backend-cct:3.1.2] AndroidManifest.xml:34:17-36
220        </service>
221        <service
221-->[com.google.android.datatransport:transport-runtime:3.1.2] AndroidManifest.xml:26:9-30:19
222            android:name="com.google.android.datatransport.runtime.scheduling.jobscheduling.JobInfoSchedulerService"
222-->[com.google.android.datatransport:transport-runtime:3.1.2] AndroidManifest.xml:27:13-117
223            android:exported="false"
223-->[com.google.android.datatransport:transport-runtime:3.1.2] AndroidManifest.xml:28:13-37
224            android:permission="android.permission.BIND_JOB_SERVICE" >
224-->[com.google.android.datatransport:transport-runtime:3.1.2] AndroidManifest.xml:29:13-69
225        </service>
226
227        <receiver
227-->[com.google.android.datatransport:transport-runtime:3.1.2] AndroidManifest.xml:32:9-34:40
228            android:name="com.google.android.datatransport.runtime.scheduling.jobscheduling.AlarmManagerSchedulerBroadcastReceiver"
228-->[com.google.android.datatransport:transport-runtime:3.1.2] AndroidManifest.xml:33:13-132
229            android:exported="false" />
229-->[com.google.android.datatransport:transport-runtime:3.1.2] AndroidManifest.xml:34:13-37
230
231        <provider
231-->[com.google.firebase:firebase-common:20.1.0] AndroidManifest.xml:26:9-31:39
232            android:name="com.google.firebase.provider.FirebaseInitProvider"
232-->[com.google.firebase:firebase-common:20.1.0] AndroidManifest.xml:27:13-77
233            android:authorities="com.conveys.firebaseinitprovider"
233-->[com.google.firebase:firebase-common:20.1.0] AndroidManifest.xml:28:13-72
234            android:directBootAware="true"
234-->[com.google.firebase:firebase-common:20.1.0] AndroidManifest.xml:29:13-43
235            android:exported="false"
235-->[com.google.firebase:firebase-common:20.1.0] AndroidManifest.xml:30:13-37
236            android:initOrder="100" />
236-->[com.google.firebase:firebase-common:20.1.0] AndroidManifest.xml:31:13-36
237
238        <activity
238-->[com.google.android.gms:play-services-auth:19.2.0] AndroidManifest.xml:23:9-27:75
239            android:name="com.google.android.gms.auth.api.signin.internal.SignInHubActivity"
239-->[com.google.android.gms:play-services-auth:19.2.0] AndroidManifest.xml:24:13-93
240            android:excludeFromRecents="true"
240-->[com.google.android.gms:play-services-auth:19.2.0] AndroidManifest.xml:25:13-46
241            android:exported="false"
241-->[com.google.android.gms:play-services-auth:19.2.0] AndroidManifest.xml:26:13-37
242            android:theme="@android:style/Theme.Translucent.NoTitleBar" />
242-->[com.google.android.gms:play-services-auth:19.2.0] AndroidManifest.xml:27:13-72
243        <!--
244            Service handling Google Sign-In user revocation. For apps that do not integrate with
245            Google Sign-In, this service will never be started.
246        -->
247        <service
247-->[com.google.android.gms:play-services-auth:19.2.0] AndroidManifest.xml:33:9-37:51
248            android:name="com.google.android.gms.auth.api.signin.RevocationBoundService"
248-->[com.google.android.gms:play-services-auth:19.2.0] AndroidManifest.xml:34:13-89
249            android:exported="true"
249-->[com.google.android.gms:play-services-auth:19.2.0] AndroidManifest.xml:35:13-36
250            android:permission="com.google.android.gms.auth.api.signin.permission.REVOCATION_NOTIFICATION"
250-->[com.google.android.gms:play-services-auth:19.2.0] AndroidManifest.xml:36:13-107
251            android:visibleToInstantApps="true" />
251-->[com.google.android.gms:play-services-auth:19.2.0] AndroidManifest.xml:37:13-48
252
253        <activity
253-->[com.google.android.gms:play-services-base:18.0.1] AndroidManifest.xml:20:9-22:45
254            android:name="com.google.android.gms.common.api.GoogleApiActivity"
254-->[com.google.android.gms:play-services-base:18.0.1] AndroidManifest.xml:20:19-85
255            android:exported="false"
255-->[com.google.android.gms:play-services-base:18.0.1] AndroidManifest.xml:22:19-43
256            android:theme="@android:style/Theme.Translucent.NoTitleBar" />
256-->[com.google.android.gms:play-services-base:18.0.1] AndroidManifest.xml:21:19-78
257
258        <receiver
258-->[com.google.android.gms:play-services-measurement:20.1.1] AndroidManifest.xml:29:9-33:20
259            android:name="com.google.android.gms.measurement.AppMeasurementReceiver"
259-->[com.google.android.gms:play-services-measurement:20.1.1] AndroidManifest.xml:30:13-85
260            android:enabled="true"
260-->[com.google.android.gms:play-services-measurement:20.1.1] AndroidManifest.xml:31:13-35
261            android:exported="false" >
261-->[com.google.android.gms:play-services-measurement:20.1.1] AndroidManifest.xml:32:13-37
262        </receiver>
263
264        <service
264-->[com.google.android.gms:play-services-measurement:20.1.1] AndroidManifest.xml:35:9-38:40
265            android:name="com.google.android.gms.measurement.AppMeasurementService"
265-->[com.google.android.gms:play-services-measurement:20.1.1] AndroidManifest.xml:36:13-84
266            android:enabled="true"
266-->[com.google.android.gms:play-services-measurement:20.1.1] AndroidManifest.xml:37:13-35
267            android:exported="false" />
267-->[com.google.android.gms:play-services-measurement:20.1.1] AndroidManifest.xml:38:13-37
268        <service
268-->[com.google.android.gms:play-services-measurement:20.1.1] AndroidManifest.xml:39:9-43:72
269            android:name="com.google.android.gms.measurement.AppMeasurementJobService"
269-->[com.google.android.gms:play-services-measurement:20.1.1] AndroidManifest.xml:40:13-87
270            android:enabled="true"